Analysis & Synthesis report for Top_Level_LDPC
Sun Apr 12 20:45:46 2020
Quartus Prime Version 19.1.0 Build 670 09/22/2019 SJ Lite Edition


---------------------
; Table of Contents ;
---------------------
  1. Legal Notice
  2. Analysis & Synthesis Summary
  3. Analysis & Synthesis Settings
  4. Parallel Compilation
  5. Analysis & Synthesis Source Files Read
  6. Analysis & Synthesis Resource Usage Summary
  7. Analysis & Synthesis Resource Utilization by Entity
  8. State Machine - |Top_Level_LDPC|current_state
  9. Registers Removed During Synthesis
 10. Removed Registers Triggering Further Register Optimizations
 11. General Register Statistics
 12. Multiplexer Restructuring Statistics (Restructuring Performed)
 13. Parameter Settings for User Entity Instance: Top-level Entity: |Top_Level_LDPC
 14. Post-Synthesis Netlist Statistics for Top Partition
 15. Elapsed Time Per Partition
 16. Analysis & Synthesis Messages



----------------
; Legal Notice ;
----------------
Copyright (C) 2019  Intel Corporation. All rights reserved.
Your use of Intel Corporation's design tools, logic functions 
and other software and tools, and any partner logic 
functions, and any output files from any of the foregoing 
(including device programming or simulation files), and any 
associated documentation or information are expressly subject 
to the terms and conditions of the Intel Program License 
Subscription Agreement, the Intel Quartus Prime License Agreement,
the Intel FPGA IP License Agreement, or other applicable license
agreement, including, without limitation, that your use is for
the sole purpose of programming logic devices manufactured by
Intel and sold by Intel or its authorized distributors.  Please
refer to the applicable agreement for further details, at
https://fpgasoftware.intel.com/eula.



+-------------------------------------------------------------------------------+
; Analysis & Synthesis Summary                                                  ;
+---------------------------------+---------------------------------------------+
; Analysis & Synthesis Status     ; Successful - Sun Apr 12 20:45:46 2020       ;
; Quartus Prime Version           ; 19.1.0 Build 670 09/22/2019 SJ Lite Edition ;
; Revision Name                   ; Top_Level_LDPC                              ;
; Top-level Entity Name           ; Top_Level_LDPC                              ;
; Family                          ; Cyclone V                                   ;
; Logic utilization (in ALMs)     ; N/A                                         ;
; Total registers                 ; 0                                           ;
; Total pins                      ; 15                                          ;
; Total virtual pins              ; 0                                           ;
; Total block memory bits         ; 0                                           ;
; Total DSP Blocks                ; 0                                           ;
; Total HSSI RX PCSs              ; 0                                           ;
; Total HSSI PMA RX Deserializers ; 0                                           ;
; Total HSSI TX PCSs              ; 0                                           ;
; Total HSSI PMA TX Serializers   ; 0                                           ;
; Total PLLs                      ; 0                                           ;
; Total DLLs                      ; 0                                           ;
+---------------------------------+---------------------------------------------+


+---------------------------------------------------------------------------------------------------------------------------+
; Analysis & Synthesis Settings                                                                                             ;
+---------------------------------------------------------------------------------+--------------------+--------------------+
; Option                                                                          ; Setting            ; Default Value      ;
+---------------------------------------------------------------------------------+--------------------+--------------------+
; Device                                                                          ; 5CSEMA6F31C6       ;                    ;
; Top-level entity name                                                           ; Top_Level_LDPC     ; Top_Level_LDPC     ;
; Family name                                                                     ; Cyclone V          ; Cyclone V          ;
; Use smart compilation                                                           ; Off                ; Off                ;
; Enable parallel Assembler and Timing Analyzer during compilation                ; On                 ; On                 ;
; Enable compact report table                                                     ; Off                ; Off                ;
; Restructure Multiplexers                                                        ; Auto               ; Auto               ;
; MLAB Add Timing Constraints For Mixed-Port Feed-Through Mode Setting Don't Care ; Off                ; Off                ;
; Create Debugging Nodes for IP Cores                                             ; Off                ; Off                ;
; Preserve fewer node names                                                       ; On                 ; On                 ;
; Intel FPGA IP Evaluation Mode                                                   ; Enable             ; Enable             ;
; Verilog Version                                                                 ; Verilog_2001       ; Verilog_2001       ;
; VHDL Version                                                                    ; VHDL_1993          ; VHDL_1993          ;
; State Machine Processing                                                        ; Auto               ; Auto               ;
; Safe State Machine                                                              ; Off                ; Off                ;
; Extract Verilog State Machines                                                  ; On                 ; On                 ;
; Extract VHDL State Machines                                                     ; On                 ; On                 ;
; Ignore Verilog initial constructs                                               ; Off                ; Off                ;
; Iteration limit for constant Verilog loops                                      ; 5000               ; 5000               ;
; Iteration limit for non-constant Verilog loops                                  ; 250                ; 250                ;
; Add Pass-Through Logic to Inferred RAMs                                         ; On                 ; On                 ;
; Infer RAMs from Raw Logic                                                       ; On                 ; On                 ;
; Parallel Synthesis                                                              ; On                 ; On                 ;
; DSP Block Balancing                                                             ; Auto               ; Auto               ;
; NOT Gate Push-Back                                                              ; On                 ; On                 ;
; Power-Up Don't Care                                                             ; On                 ; On                 ;
; Remove Redundant Logic Cells                                                    ; Off                ; Off                ;
; Remove Duplicate Registers                                                      ; On                 ; On                 ;
; Ignore CARRY Buffers                                                            ; Off                ; Off                ;
; Ignore CASCADE Buffers                                                          ; Off                ; Off                ;
; Ignore GLOBAL Buffers                                                           ; Off                ; Off                ;
; Ignore ROW GLOBAL Buffers                                                       ; Off                ; Off                ;
; Ignore LCELL Buffers                                                            ; Off                ; Off                ;
; Ignore SOFT Buffers                                                             ; On                 ; On                 ;
; Limit AHDL Integers to 32 Bits                                                  ; Off                ; Off                ;
; Optimization Technique                                                          ; Balanced           ; Balanced           ;
; Carry Chain Length                                                              ; 70                 ; 70                 ;
; Auto Carry Chains                                                               ; On                 ; On                 ;
; Auto Open-Drain Pins                                                            ; On                 ; On                 ;
; Perform WYSIWYG Primitive Resynthesis                                           ; Off                ; Off                ;
; Auto ROM Replacement                                                            ; On                 ; On                 ;
; Auto RAM Replacement                                                            ; On                 ; On                 ;
; Auto DSP Block Replacement                                                      ; On                 ; On                 ;
; Auto Shift Register Replacement                                                 ; Auto               ; Auto               ;
; Allow Shift Register Merging across Hierarchies                                 ; Auto               ; Auto               ;
; Auto Clock Enable Replacement                                                   ; On                 ; On                 ;
; Strict RAM Replacement                                                          ; Off                ; Off                ;
; Allow Synchronous Control Signals                                               ; On                 ; On                 ;
; Force Use of Synchronous Clear Signals                                          ; Off                ; Off                ;
; Auto Resource Sharing                                                           ; Off                ; Off                ;
; Allow Any RAM Size For Recognition                                              ; Off                ; Off                ;
; Allow Any ROM Size For Recognition                                              ; Off                ; Off                ;
; Allow Any Shift Register Size For Recognition                                   ; Off                ; Off                ;
; Use LogicLock Constraints during Resource Balancing                             ; On                 ; On                 ;
; Ignore translate_off and synthesis_off directives                               ; Off                ; Off                ;
; Timing-Driven Synthesis                                                         ; On                 ; On                 ;
; Report Parameter Settings                                                       ; On                 ; On                 ;
; Report Source Assignments                                                       ; On                 ; On                 ;
; Report Connectivity Checks                                                      ; On                 ; On                 ;
; Ignore Maximum Fan-Out Assignments                                              ; Off                ; Off                ;
; Synchronization Register Chain Length                                           ; 3                  ; 3                  ;
; Power Optimization During Synthesis                                             ; Normal compilation ; Normal compilation ;
; HDL message level                                                               ; Level2             ; Level2             ;
; Suppress Register Optimization Related Messages                                 ; Off                ; Off                ;
; Number of Removed Registers Reported in Synthesis Report                        ; 5000               ; 5000               ;
; Number of Swept Nodes Reported in Synthesis Report                              ; 5000               ; 5000               ;
; Number of Inverted Registers Reported in Synthesis Report                       ; 100                ; 100                ;
; Clock MUX Protection                                                            ; On                 ; On                 ;
; Auto Gated Clock Conversion                                                     ; Off                ; Off                ;
; Block Design Naming                                                             ; Auto               ; Auto               ;
; SDC constraint protection                                                       ; Off                ; Off                ;
; Synthesis Effort                                                                ; Auto               ; Auto               ;
; Shift Register Replacement - Allow Asynchronous Clear Signal                    ; On                 ; On                 ;
; Pre-Mapping Resynthesis Optimization                                            ; Off                ; Off                ;
; Analysis & Synthesis Message Level                                              ; Medium             ; Medium             ;
; Disable Register Merging Across Hierarchies                                     ; Auto               ; Auto               ;
; Resource Aware Inference For Block RAM                                          ; On                 ; On                 ;
; Automatic Parallel Synthesis                                                    ; On                 ; On                 ;
; Partial Reconfiguration Bitstream ID                                            ; Off                ; Off                ;
+---------------------------------------------------------------------------------+--------------------+--------------------+


+------------------------------------------+
; Parallel Compilation                     ;
+----------------------------+-------------+
; Processors                 ; Number      ;
+----------------------------+-------------+
; Number detected on machine ; 4           ;
; Maximum allowed            ; 2           ;
;                            ;             ;
; Average used               ; 1.00        ;
; Maximum used               ; 1           ;
;                            ;             ;
; Usage by Processor         ; % Time Used ;
;     Processor 1            ; 100.0%      ;
+----------------------------+-------------+


+---------------------------------------------------------------------------------------------------------------------------------------------------------------+
; Analysis & Synthesis Source Files Read                                                                                                                        ;
+----------------------------------+-----------------+-----------------+------------------------------------------------------------------------------+---------+
; File Name with User-Entered Path ; Used in Netlist ; File Type       ; File Name with Absolute Path                                                 ; Library ;
+----------------------------------+-----------------+-----------------+------------------------------------------------------------------------------+---------+
; Top_Level_LDPC.vhd               ; yes             ; User VHDL File  ; C:/Users/nanae/iCloudDrive/MUN/Project/Project Codes/LDPC/Top_Level_LDPC.vhd ;         ;
+----------------------------------+-----------------+-----------------+------------------------------------------------------------------------------+---------+


+---------------------------------------------------------------+
; Analysis & Synthesis Resource Usage Summary                   ;
+---------------------------------------------+-----------------+
; Resource                                    ; Usage           ;
+---------------------------------------------+-----------------+
; Estimate of Logic utilization (ALMs needed) ; 0               ;
;                                             ;                 ;
; Combinational ALUT usage for logic          ; 0               ;
;     -- 7 input functions                    ; 0               ;
;     -- 6 input functions                    ; 0               ;
;     -- 5 input functions                    ; 0               ;
;     -- 4 input functions                    ; 0               ;
;     -- <=3 input functions                  ; 0               ;
;                                             ;                 ;
; Dedicated logic registers                   ; 0               ;
;                                             ;                 ;
; I/O pins                                    ; 15              ;
;                                             ;                 ;
; Total DSP Blocks                            ; 0               ;
;                                             ;                 ;
; Maximum fan-out node                        ; dec_done~output ;
; Maximum fan-out                             ; 1               ;
; Total fan-out                               ; 15              ;
; Average fan-out                             ; 0.50            ;
+---------------------------------------------+-----------------+


+-------------------------------------------------------------------------------------------------------------------------------------------------------------------------------------------+
; Analysis & Synthesis Resource Utilization by Entity                                                                                                                                       ;
+----------------------------+---------------------+---------------------------+-------------------+------------+------+--------------+---------------------+----------------+--------------+
; Compilation Hierarchy Node ; Combinational ALUTs ; Dedicated Logic Registers ; Block Memory Bits ; DSP Blocks ; Pins ; Virtual Pins ; Full Hierarchy Name ; Entity Name    ; Library Name ;
+----------------------------+---------------------+---------------------------+-------------------+------------+------+--------------+---------------------+----------------+--------------+
; |Top_Level_LDPC            ; 0 (0)               ; 0 (0)                     ; 0                 ; 0          ; 15   ; 0            ; |Top_Level_LDPC     ; Top_Level_LDPC ; work         ;
+----------------------------+---------------------+---------------------------+-------------------+------------+------+--------------+---------------------+----------------+--------------+
Note: For table entries with two numbers listed, the numbers in parentheses indicate the number of resources of the given type used by the specific entity alone. The numbers listed outside of parentheses indicate the total resources of the given type used by the specific entity and all of its sub-entities in the hierarchy.


Encoding Type:  One-Hot
+-----------------------------------------------------------------------------------------------------------------------------------------------------------------------------------------------------------------------------------------------------------------------------------------------------------------------------------------------------------------------------------------------------------------------------------------------------------------------------------------------------------------------------------------------------------------------------------------------------------------------------------------------------------+
; State Machine - |Top_Level_LDPC|current_state                                                                                                                                                                                                                                                                                                                                                                                                                                                                                                                                                                                                             ;
+---------------------------+--------------------+----------------------+--------------------------+-------------------------+--------------------------+---------------------+---------------------+---------------------+---------------------+---------------------+--------------------+---------------------------+---------------------------+---------------------------+---------------------------+--------------------+---------------------------+-------------------------+-------------------------+---------------------+--------------------------+----------------------+----------------------+--------------------+-----------------------+
; Name                      ; current_state.DONE ; current_state.DECODE ; current_state.DEC_VERIFY ; current_state.MP_VERIFY ; current_state.CODE_CHECK ; current_state.FIX_5 ; current_state.FIX_4 ; current_state.FIX_3 ; current_state.FIX_2 ; current_state.FIX_1 ; current_state.HOLD ; current_state.PARITY_CHK4 ; current_state.PARITY_CHK3 ; current_state.PARITY_CHK2 ; current_state.PARITY_CHK1 ; current_state.LOAD ; current_state.BITE_VERIFY ; current_state.ADD_ERROR ; current_state.GEN_ERROR ; current_state.ERROR ; current_state.ENC_VERIFY ; current_state.NODATA ; current_state.ENCODE ; current_state.IDLE ; current_state.ONRESET ;
+---------------------------+--------------------+----------------------+--------------------------+-------------------------+--------------------------+---------------------+---------------------+---------------------+---------------------+---------------------+--------------------+---------------------------+---------------------------+---------------------------+---------------------------+--------------------+---------------------------+-------------------------+-------------------------+---------------------+--------------------------+----------------------+----------------------+--------------------+-----------------------+
; current_state.ONRESET     ; 0                  ; 0                    ; 0                        ; 0                       ; 0                        ; 0                   ; 0                   ; 0                   ; 0                   ; 0                   ; 0                  ; 0                         ; 0                         ; 0                         ; 0                         ; 0                  ; 0                         ; 0                       ; 0                       ; 0                   ; 0                        ; 0                    ; 0                    ; 0                  ; 0                     ;
; current_state.IDLE        ; 0                  ; 0                    ; 0                        ; 0                       ; 0                        ; 0                   ; 0                   ; 0                   ; 0                   ; 0                   ; 0                  ; 0                         ; 0                         ; 0                         ; 0                         ; 0                  ; 0                         ; 0                       ; 0                       ; 0                   ; 0                        ; 0                    ; 0                    ; 1                  ; 1                     ;
; current_state.ENCODE      ; 0                  ; 0                    ; 0                        ; 0                       ; 0                        ; 0                   ; 0                   ; 0                   ; 0                   ; 0                   ; 0                  ; 0                         ; 0                         ; 0                         ; 0                         ; 0                  ; 0                         ; 0                       ; 0                       ; 0                   ; 0                        ; 0                    ; 1                    ; 0                  ; 1                     ;
; current_state.NODATA      ; 0                  ; 0                    ; 0                        ; 0                       ; 0                        ; 0                   ; 0                   ; 0                   ; 0                   ; 0                   ; 0                  ; 0                         ; 0                         ; 0                         ; 0                         ; 0                  ; 0                         ; 0                       ; 0                       ; 0                   ; 0                        ; 1                    ; 0                    ; 0                  ; 1                     ;
; current_state.ENC_VERIFY  ; 0                  ; 0                    ; 0                        ; 0                       ; 0                        ; 0                   ; 0                   ; 0                   ; 0                   ; 0                   ; 0                  ; 0                         ; 0                         ; 0                         ; 0                         ; 0                  ; 0                         ; 0                       ; 0                       ; 0                   ; 1                        ; 0                    ; 0                    ; 0                  ; 1                     ;
; current_state.ERROR       ; 0                  ; 0                    ; 0                        ; 0                       ; 0                        ; 0                   ; 0                   ; 0                   ; 0                   ; 0                   ; 0                  ; 0                         ; 0                         ; 0                         ; 0                         ; 0                  ; 0                         ; 0                       ; 0                       ; 1                   ; 0                        ; 0                    ; 0                    ; 0                  ; 1                     ;
; current_state.GEN_ERROR   ; 0                  ; 0                    ; 0                        ; 0                       ; 0                        ; 0                   ; 0                   ; 0                   ; 0                   ; 0                   ; 0                  ; 0                         ; 0                         ; 0                         ; 0                         ; 0                  ; 0                         ; 0                       ; 1                       ; 0                   ; 0                        ; 0                    ; 0                    ; 0                  ; 1                     ;
; current_state.ADD_ERROR   ; 0                  ; 0                    ; 0                        ; 0                       ; 0                        ; 0                   ; 0                   ; 0                   ; 0                   ; 0                   ; 0                  ; 0                         ; 0                         ; 0                         ; 0                         ; 0                  ; 0                         ; 1                       ; 0                       ; 0                   ; 0                        ; 0                    ; 0                    ; 0                  ; 1                     ;
; current_state.BITE_VERIFY ; 0                  ; 0                    ; 0                        ; 0                       ; 0                        ; 0                   ; 0                   ; 0                   ; 0                   ; 0                   ; 0                  ; 0                         ; 0                         ; 0                         ; 0                         ; 0                  ; 1                         ; 0                       ; 0                       ; 0                   ; 0                        ; 0                    ; 0                    ; 0                  ; 1                     ;
; current_state.LOAD        ; 0                  ; 0                    ; 0                        ; 0                       ; 0                        ; 0                   ; 0                   ; 0                   ; 0                   ; 0                   ; 0                  ; 0                         ; 0                         ; 0                         ; 0                         ; 1                  ; 0                         ; 0                       ; 0                       ; 0                   ; 0                        ; 0                    ; 0                    ; 0                  ; 1                     ;
; current_state.PARITY_CHK1 ; 0                  ; 0                    ; 0                        ; 0                       ; 0                        ; 0                   ; 0                   ; 0                   ; 0                   ; 0                   ; 0                  ; 0                         ; 0                         ; 0                         ; 1                         ; 0                  ; 0                         ; 0                       ; 0                       ; 0                   ; 0                        ; 0                    ; 0                    ; 0                  ; 1                     ;
; current_state.PARITY_CHK2 ; 0                  ; 0                    ; 0                        ; 0                       ; 0                        ; 0                   ; 0                   ; 0                   ; 0                   ; 0                   ; 0                  ; 0                         ; 0                         ; 1                         ; 0                         ; 0                  ; 0                         ; 0                       ; 0                       ; 0                   ; 0                        ; 0                    ; 0                    ; 0                  ; 1                     ;
; current_state.PARITY_CHK3 ; 0                  ; 0                    ; 0                        ; 0                       ; 0                        ; 0                   ; 0                   ; 0                   ; 0                   ; 0                   ; 0                  ; 0                         ; 1                         ; 0                         ; 0                         ; 0                  ; 0                         ; 0                       ; 0                       ; 0                   ; 0                        ; 0                    ; 0                    ; 0                  ; 1                     ;
; current_state.PARITY_CHK4 ; 0                  ; 0                    ; 0                        ; 0                       ; 0                        ; 0                   ; 0                   ; 0                   ; 0                   ; 0                   ; 0                  ; 1                         ; 0                         ; 0                         ; 0                         ; 0                  ; 0                         ; 0                       ; 0                       ; 0                   ; 0                        ; 0                    ; 0                    ; 0                  ; 1                     ;
; current_state.HOLD        ; 0                  ; 0                    ; 0                        ; 0                       ; 0                        ; 0                   ; 0                   ; 0                   ; 0                   ; 0                   ; 1                  ; 0                         ; 0                         ; 0                         ; 0                         ; 0                  ; 0                         ; 0                       ; 0                       ; 0                   ; 0                        ; 0                    ; 0                    ; 0                  ; 1                     ;
; current_state.FIX_1       ; 0                  ; 0                    ; 0                        ; 0                       ; 0                        ; 0                   ; 0                   ; 0                   ; 0                   ; 1                   ; 0                  ; 0                         ; 0                         ; 0                         ; 0                         ; 0                  ; 0                         ; 0                       ; 0                       ; 0                   ; 0                        ; 0                    ; 0                    ; 0                  ; 1                     ;
; current_state.FIX_2       ; 0                  ; 0                    ; 0                        ; 0                       ; 0                        ; 0                   ; 0                   ; 0                   ; 1                   ; 0                   ; 0                  ; 0                         ; 0                         ; 0                         ; 0                         ; 0                  ; 0                         ; 0                       ; 0                       ; 0                   ; 0                        ; 0                    ; 0                    ; 0                  ; 1                     ;
; current_state.FIX_3       ; 0                  ; 0                    ; 0                        ; 0                       ; 0                        ; 0                   ; 0                   ; 1                   ; 0                   ; 0                   ; 0                  ; 0                         ; 0                         ; 0                         ; 0                         ; 0                  ; 0                         ; 0                       ; 0                       ; 0                   ; 0                        ; 0                    ; 0                    ; 0                  ; 1                     ;
; current_state.FIX_4       ; 0                  ; 0                    ; 0                        ; 0                       ; 0                        ; 0                   ; 1                   ; 0                   ; 0                   ; 0                   ; 0                  ; 0                         ; 0                         ; 0                         ; 0                         ; 0                  ; 0                         ; 0                       ; 0                       ; 0                   ; 0                        ; 0                    ; 0                    ; 0                  ; 1                     ;
; current_state.FIX_5       ; 0                  ; 0                    ; 0                        ; 0                       ; 0                        ; 1                   ; 0                   ; 0                   ; 0                   ; 0                   ; 0                  ; 0                         ; 0                         ; 0                         ; 0                         ; 0                  ; 0                         ; 0                       ; 0                       ; 0                   ; 0                        ; 0                    ; 0                    ; 0                  ; 1                     ;
; current_state.CODE_CHECK  ; 0                  ; 0                    ; 0                        ; 0                       ; 1                        ; 0                   ; 0                   ; 0                   ; 0                   ; 0                   ; 0                  ; 0                         ; 0                         ; 0                         ; 0                         ; 0                  ; 0                         ; 0                       ; 0                       ; 0                   ; 0                        ; 0                    ; 0                    ; 0                  ; 1                     ;
; current_state.MP_VERIFY   ; 0                  ; 0                    ; 0                        ; 1                       ; 0                        ; 0                   ; 0                   ; 0                   ; 0                   ; 0                   ; 0                  ; 0                         ; 0                         ; 0                         ; 0                         ; 0                  ; 0                         ; 0                       ; 0                       ; 0                   ; 0                        ; 0                    ; 0                    ; 0                  ; 1                     ;
; current_state.DEC_VERIFY  ; 0                  ; 0                    ; 1                        ; 0                       ; 0                        ; 0                   ; 0                   ; 0                   ; 0                   ; 0                   ; 0                  ; 0                         ; 0                         ; 0                         ; 0                         ; 0                  ; 0                         ; 0                       ; 0                       ; 0                   ; 0                        ; 0                    ; 0                    ; 0                  ; 1                     ;
; current_state.DECODE      ; 0                  ; 1                    ; 0                        ; 0                       ; 0                        ; 0                   ; 0                   ; 0                   ; 0                   ; 0                   ; 0                  ; 0                         ; 0                         ; 0                         ; 0                         ; 0                  ; 0                         ; 0                       ; 0                       ; 0                   ; 0                        ; 0                    ; 0                    ; 0                  ; 1                     ;
; current_state.DONE        ; 1                  ; 0                    ; 0                        ; 0                       ; 0                        ; 0                   ; 0                   ; 0                   ; 0                   ; 0                   ; 0                  ; 0                         ; 0                         ; 0                         ; 0                         ; 0                  ; 0                         ; 0                       ; 0                       ; 0                   ; 0                        ; 0                    ; 0                    ; 0                  ; 1                     ;
+---------------------------+--------------------+----------------------+--------------------------+-------------------------+--------------------------+---------------------+---------------------+---------------------+---------------------+---------------------+--------------------+---------------------------+---------------------------+---------------------------+---------------------------+--------------------+---------------------------+-------------------------+-------------------------+---------------------+--------------------------+----------------------+----------------------+--------------------+-----------------------+


+---------------------------------------------------------------------------------------+
; Registers Removed During Synthesis                                                    ;
+-----------------------------------------+---------------------------------------------+
; Register name                           ; Reason for Removal                          ;
+-----------------------------------------+---------------------------------------------+
; mp_code                                 ; Stuck at VCC due to stuck port data_in      ;
; code_data_i[0]                          ; Merged with code_data_s[0]                  ;
; code_data_i[1]                          ; Merged with code_data_s[1]                  ;
; code_data_i[2]                          ; Merged with code_data_s[2]                  ;
; code_data_i[3]                          ; Merged with code_data_s[3]                  ;
; code_data_i[4]                          ; Merged with code_data_s[4]                  ;
; code_data_i[5]                          ; Merged with code_data_s[5]                  ;
; code_data_i[6]                          ; Merged with code_data_s[6]                  ;
; code_data_i[7]                          ; Merged with code_data_s[7]                  ;
; code_data_i[8]                          ; Merged with code_data_s[8]                  ;
; code_data_i[9]                          ; Merged with code_data_s[9]                  ;
; pcheck1[31]                             ; Merged with pcheck1[0]                      ;
; pcheck3[0,31]                           ; Merged with pcheck1[0]                      ;
; pcheck4[0,31]                           ; Merged with pcheck1[0]                      ;
; pcheck5[0,31]                           ; Merged with pcheck1[0]                      ;
; pcheck2[31]                             ; Merged with pcheck2[0]                      ;
; pcheck1[1..9,11..30]                    ; Merged with pcheck1[10]                     ;
; pcheck3[1..30]                          ; Merged with pcheck1[10]                     ;
; pcheck4[1..30]                          ; Merged with pcheck1[10]                     ;
; pcheck5[1..30]                          ; Merged with pcheck1[10]                     ;
; pcheck2[1..9,11..30]                    ; Merged with pcheck2[10]                     ;
; bite_code                               ; Stuck at GND due to stuck port data_in      ;
; pcheck2[10]                             ; Stuck at GND due to stuck port data_in      ;
; pcheck1[10]                             ; Stuck at GND due to stuck port data_in      ;
; idata[5]                                ; Stuck at GND due to stuck port clock_enable ;
; code_data_s[5]                          ; Lost fanout                                 ;
; idata[6]                                ; Stuck at GND due to stuck port clock_enable ;
; code_data_s[6]                          ; Lost fanout                                 ;
; idata[8]                                ; Stuck at GND due to stuck port clock_enable ;
; code_data_s[8]                          ; Lost fanout                                 ;
; idata[9]                                ; Stuck at GND due to stuck port clock_enable ;
; code_data_s[9]                          ; Lost fanout                                 ;
; idata[4]                                ; Stuck at GND due to stuck port clock_enable ;
; code_data_s[4]                          ; Lost fanout                                 ;
; idata[3]                                ; Stuck at GND due to stuck port clock_enable ;
; code_data_s[3]                          ; Lost fanout                                 ;
; idata[2]                                ; Stuck at GND due to stuck port clock_enable ;
; code_data_s[2]                          ; Lost fanout                                 ;
; idata[1]                                ; Stuck at GND due to stuck port clock_enable ;
; code_data_s[1]                          ; Lost fanout                                 ;
; idata[0]                                ; Stuck at GND due to stuck port clock_enable ;
; code_data_s[0,7]                        ; Lost fanout                                 ;
; out_data[0]~reg0                        ; Stuck at GND due to stuck port data_in      ;
; out_data[1]~reg0                        ; Stuck at GND due to stuck port data_in      ;
; out_data[3]~reg0                        ; Stuck at GND due to stuck port data_in      ;
; out_data[4]~reg0                        ; Stuck at GND due to stuck port data_in      ;
; idata[7]                                ; Stuck at GND due to stuck port data_in      ;
; out_data[2]~reg0                        ; Stuck at GND due to stuck port data_in      ;
; dec_code                                ; Stuck at VCC due to stuck port data_in      ;
; count[2]                                ; Stuck at GND due to stuck port data_in      ;
; pcheck1[0]                              ; Merged with pcheck2[0]                      ;
; current_state.LOAD                      ; Lost fanout                                 ;
; current_state.PARITY_CHK1               ; Lost fanout                                 ;
; current_state.PARITY_CHK2               ; Lost fanout                                 ;
; current_state.PARITY_CHK3               ; Lost fanout                                 ;
; current_state.PARITY_CHK4               ; Lost fanout                                 ;
; current_state.HOLD                      ; Stuck at GND due to stuck port data_in      ;
; current_state.FIX_1                     ; Stuck at GND due to stuck port data_in      ;
; current_state.FIX_2                     ; Stuck at GND due to stuck port data_in      ;
; current_state.FIX_3                     ; Stuck at GND due to stuck port data_in      ;
; current_state.FIX_4                     ; Stuck at GND due to stuck port data_in      ;
; current_state.FIX_5                     ; Stuck at GND due to stuck port data_in      ;
; pcheck2[0]                              ; Lost fanout                                 ;
; current_state.CODE_CHECK                ; Stuck at GND due to stuck port data_in      ;
; current_state.MP_VERIFY                 ; Stuck at GND due to stuck port data_in      ;
; current_state.DEC_VERIFY                ; Stuck at GND due to stuck port data_in      ;
; current_state.DECODE                    ; Stuck at GND due to stuck port data_in      ;
; current_state.DONE                      ; Stuck at GND due to stuck port data_in      ;
; dec_done~reg0                           ; Stuck at GND due to stuck port data_in      ;
; enc_code                                ; Lost fanout                                 ;
; gen_done                                ; Lost fanout                                 ;
; odata_i[0..9]                           ; Lost fanout                                 ;
; count[0,1]                              ; Lost fanout                                 ;
; enc_data[0..4]                          ; Lost fanout                                 ;
; current_state.ONRESET                   ; Lost fanout                                 ;
; current_state.IDLE                      ; Lost fanout                                 ;
; current_state.ENCODE                    ; Lost fanout                                 ;
; current_state.NODATA                    ; Lost fanout                                 ;
; current_state.ENC_VERIFY                ; Lost fanout                                 ;
; current_state.ERROR                     ; Lost fanout                                 ;
; current_state.GEN_ERROR                 ; Lost fanout                                 ;
; current_state.ADD_ERROR                 ; Lost fanout                                 ;
; current_state.BITE_VERIFY               ; Lost fanout                                 ;
; Total Number of Removed Registers = 244 ;                                             ;
+-----------------------------------------+---------------------------------------------+


+------------------------------------------------------------------------------------------------------------------------------------------------------+
; Removed Registers Triggering Further Register Optimizations                                                                                          ;
+---------------------+--------------------------------+-----------------------------------------------------------------------------------------------+
; Register name       ; Reason for Removal             ; Registers Removed due to This Register                                                        ;
+---------------------+--------------------------------+-----------------------------------------------------------------------------------------------+
; bite_code           ; Stuck at GND                   ; idata[5], code_data_s[5], idata[9], code_data_s[9], idata[3], code_data_s[3], idata[2],       ;
;                     ; due to stuck port data_in      ; code_data_s[2], idata[1], code_data_s[1], idata[0], code_data_s[0], code_data_s[7],           ;
;                     ;                                ; out_data[0]~reg0, out_data[4]~reg0, idata[7], out_data[2]~reg0, dec_code, dec_done~reg0,      ;
;                     ;                                ; gen_done, odata_i[0], odata_i[1], odata_i[2], odata_i[3], odata_i[5], odata_i[7], odata_i[9], ;
;                     ;                                ; count[0], count[1], enc_data[0], enc_data[3], enc_data[4], enc_data[1], enc_data[2],          ;
;                     ;                                ; current_state.ENCODE, current_state.GEN_ERROR                                                 ;
; mp_code             ; Stuck at VCC                   ; pcheck2[10], pcheck1[10], pcheck2[0], enc_code, current_state.IDLE                            ;
;                     ; due to stuck port data_in      ;                                                                                               ;
; current_state.FIX_1 ; Stuck at GND                   ; current_state.CODE_CHECK, current_state.MP_VERIFY, current_state.DEC_VERIFY,                  ;
;                     ; due to stuck port data_in      ; current_state.DECODE, current_state.BITE_VERIFY                                               ;
; idata[6]            ; Stuck at GND                   ; code_data_s[6], out_data[1]~reg0, odata_i[6]                                                  ;
;                     ; due to stuck port clock_enable ;                                                                                               ;
; idata[8]            ; Stuck at GND                   ; code_data_s[8], out_data[3]~reg0, odata_i[8]                                                  ;
;                     ; due to stuck port clock_enable ;                                                                                               ;
; current_state.HOLD  ; Stuck at GND                   ; current_state.DONE, current_state.ENC_VERIFY, current_state.ERROR                             ;
;                     ; due to stuck port data_in      ;                                                                                               ;
; idata[4]            ; Stuck at GND                   ; code_data_s[4], odata_i[4]                                                                    ;
;                     ; due to stuck port clock_enable ;                                                                                               ;
+---------------------+--------------------------------+-----------------------------------------------------------------------------------------------+


+------------------------------------------------------+
; General Register Statistics                          ;
+----------------------------------------------+-------+
; Statistic                                    ; Value ;
+----------------------------------------------+-------+
; Total registers                              ; 0     ;
; Number of registers using Synchronous Clear  ; 0     ;
; Number of registers using Synchronous Load   ; 0     ;
; Number of registers using Asynchronous Clear ; 0     ;
; Number of registers using Asynchronous Load  ; 0     ;
; Number of registers using Clock Enable       ; 0     ;
; Number of registers using Preset             ; 0     ;
+----------------------------------------------+-------+


+------------------------------------------------------------------------------------------------------------------------------------------+
; Multiplexer Restructuring Statistics (Restructuring Performed)                                                                           ;
+--------------------+-----------+---------------+----------------------+------------------------+------------+----------------------------+
; Multiplexer Inputs ; Bus Width ; Baseline Area ; Area if Restructured ; Saving if Restructured ; Registered ; Example Multiplexer Output ;
+--------------------+-----------+---------------+----------------------+------------------------+------------+----------------------------+
; 3:1                ; 3 bits    ; 6 LEs         ; 3 LEs                ; 3 LEs                  ; Yes        ; |Top_Level_LDPC|count[0]   ;
+--------------------+-----------+---------------+----------------------+------------------------+------------+----------------------------+


+--------------------------------------------------------------------------------+
; Parameter Settings for User Entity Instance: Top-level Entity: |Top_Level_LDPC ;
+----------------+-------+-------------------------------------------------------+
; Parameter Name ; Value ; Type                                                  ;
+----------------+-------+-------------------------------------------------------+
; N              ; 5     ; Signed Integer                                        ;
; C              ; 10    ; Signed Integer                                        ;
+----------------+-------+-------------------------------------------------------+
Note: In order to hide this table in the UI and the text report file, please set the "Show Parameter Settings in Synthesis Report" option in "Analysis and Synthesis Settings -> More Settings" to "Off".


+-----------------------------------------------------+
; Post-Synthesis Netlist Statistics for Top Partition ;
+-----------------------+-----------------------------+
; Type                  ; Count                       ;
+-----------------------+-----------------------------+
; arriav_lcell_comb     ; 1                           ;
;     normal            ; 1                           ;
;         0 data inputs ; 1                           ;
; boundary_port         ; 15                          ;
;                       ;                             ;
; Max LUT depth         ; 0.00                        ;
; Average LUT depth     ; 0.00                        ;
+-----------------------+-----------------------------+


+-------------------------------+
; Elapsed Time Per Partition    ;
+----------------+--------------+
; Partition Name ; Elapsed Time ;
+----------------+--------------+
; Top            ; 00:00:00     ;
+----------------+--------------+


+-------------------------------+
; Analysis & Synthesis Messages ;
+-------------------------------+
Info: *******************************************************************
Info: Running Quartus Prime Analysis & Synthesis
    Info: Version 19.1.0 Build 670 09/22/2019 SJ Lite Edition
    Info: Processing started: Sun Apr 12 20:45:21 2020
Info: Command: quartus_map --read_settings_files=on --write_settings_files=off LDPC_Top_Level -c Top_Level_LDPC
Warning (18236): Number of processors has not been specified which may cause overloading on shared machines.  Set the global assignment NUM_PARALLEL_PROCESSORS in your QSF to an appropriate value for best performance.
Info (20030): Parallel compilation is enabled and will use 2 of the 2 processors detected
Info (12021): Found 2 design units, including 1 entities, in source file top_level_ldpc.vhd
    Info (12022): Found design unit 1: Top_Level_LDPC-behav File: C:/Users/nanae/iCloudDrive/MUN/Project/Project Codes/LDPC/Top_Level_LDPC.vhd Line: 37
    Info (12023): Found entity 1: Top_Level_LDPC File: C:/Users/nanae/iCloudDrive/MUN/Project/Project Codes/LDPC/Top_Level_LDPC.vhd Line: 10
Info (12127): Elaborating entity "Top_Level_LDPC" for the top level hierarchy
Warning (13024): Output pins are stuck at VCC or GND
    Warning (13410): Pin "dec_done" is stuck at GND File: C:/Users/nanae/iCloudDrive/MUN/Project/Project Codes/LDPC/Top_Level_LDPC.vhd Line: 29
    Warning (13410): Pin "out_data[0]" is stuck at GND File: C:/Users/nanae/iCloudDrive/MUN/Project/Project Codes/LDPC/Top_Level_LDPC.vhd Line: 275
    Warning (13410): Pin "out_data[1]" is stuck at GND File: C:/Users/nanae/iCloudDrive/MUN/Project/Project Codes/LDPC/Top_Level_LDPC.vhd Line: 275
    Warning (13410): Pin "out_data[2]" is stuck at GND File: C:/Users/nanae/iCloudDrive/MUN/Project/Project Codes/LDPC/Top_Level_LDPC.vhd Line: 275
    Warning (13410): Pin "out_data[3]" is stuck at GND File: C:/Users/nanae/iCloudDrive/MUN/Project/Project Codes/LDPC/Top_Level_LDPC.vhd Line: 275
    Warning (13410): Pin "out_data[4]" is stuck at GND File: C:/Users/nanae/iCloudDrive/MUN/Project/Project Codes/LDPC/Top_Level_LDPC.vhd Line: 275
Info (17049): 44 registers lost all their fanouts during netlist optimizations.
Info (16010): Generating hard_block partition "hard_block:auto_generated_inst"
    Info (16011): Adding 0 node(s), including 0 DDIO, 0 PLL, 0 transceiver and 0 LCELL
Warning (21074): Design contains 9 input pin(s) that do not drive logic
    Warning (15610): No output dependent on input pin "isop" File: C:/Users/nanae/iCloudDrive/MUN/Project/Project Codes/LDPC/Top_Level_LDPC.vhd Line: 24
    Warning (15610): No output dependent on input pin "ivalid" File: C:/Users/nanae/iCloudDrive/MUN/Project/Project Codes/LDPC/Top_Level_LDPC.vhd Line: 25
    Warning (15610): No output dependent on input pin "clk" File: C:/Users/nanae/iCloudDrive/MUN/Project/Project Codes/LDPC/Top_Level_LDPC.vhd Line: 20
    Warning (15610): No output dependent on input pin "rstb" File: C:/Users/nanae/iCloudDrive/MUN/Project/Project Codes/LDPC/Top_Level_LDPC.vhd Line: 21
    Warning (15610): No output dependent on input pin "in_data[0]" File: C:/Users/nanae/iCloudDrive/MUN/Project/Project Codes/LDPC/Top_Level_LDPC.vhd Line: 26
    Warning (15610): No output dependent on input pin "in_data[3]" File: C:/Users/nanae/iCloudDrive/MUN/Project/Project Codes/LDPC/Top_Level_LDPC.vhd Line: 26
    Warning (15610): No output dependent on input pin "in_data[4]" File: C:/Users/nanae/iCloudDrive/MUN/Project/Project Codes/LDPC/Top_Level_LDPC.vhd Line: 26
    Warning (15610): No output dependent on input pin "in_data[1]" File: C:/Users/nanae/iCloudDrive/MUN/Project/Project Codes/LDPC/Top_Level_LDPC.vhd Line: 26
    Warning (15610): No output dependent on input pin "in_data[2]" File: C:/Users/nanae/iCloudDrive/MUN/Project/Project Codes/LDPC/Top_Level_LDPC.vhd Line: 26
Info (21057): Implemented 15 device resources after synthesis - the final resource count might be different
    Info (21058): Implemented 9 input pins
    Info (21059): Implemented 6 output pins
Info: Quartus Prime Analysis & Synthesis was successful. 0 errors, 18 warnings
    Info: Peak virtual memory: 4841 megabytes
    Info: Processing ended: Sun Apr 12 20:45:46 2020
    Info: Elapsed time: 00:00:25
    Info: Total CPU time (on all processors): 00:00:52


